<?xml version="1.0" encoding="utf-8"?><testsuites name="pytest tests"><testsuite name="pytest" errors="0" failures="0" skipped="0" tests="7" time="15.617" timestamp="2026-07-11T22:32:36.557588+09:00" hostname="WORKSTATION"><testcase classname="tests.unit.test_canonical_passport_wiring.TestCanonicalEvidenceWiringOn" name="test_manifest_passports_and_receipts_two_generations" time="1.010" /><testcase classname="tests.unit.test_canonical_passport_wiring.TestCanonicalEvidenceWiringOn" name="test_generated_code_missing_fails_candidate_before_backtest" time="0.191" /><testcase classname="tests.unit.test_canonical_passport_wiring.TestCanonicalEvidenceWiringOn" name="test_seed_root_passport_has_no_parent" time="0.308" /><testcase classname="tests.unit.test_canonical_passport_wiring.TestCanonicalEvidenceWiringOff" name="test_default_off_zero_evidence_writes" time="0.282" /><testcase classname="tests.unit.test_canonical_passport_wiring.TestCanonicalEvidenceWiringOff" name="test_explicit_false_also_writes_nothing" time="0.244" /><testcase classname="tests.unit.test_canonical_passport_wiring.TestFixedBatchCannotAdvanceCanonicalLineage" name="test_phase_owner_guard" time="0.011" /><testcase classname="tests.unit.test_canonical_passport_wiring.TestFixedBatchCannotAdvanceCanonicalLineage" name="test_batch_script_asserts_guard_before_evaluating" time="0.125" /></testsuite></testsuites>