<?xml version="1.0" encoding="utf-8"?><testsuites name="pytest tests"><testsuite name="pytest" errors="0" failures="0" skipped="0" tests="76" time="36.693" timestamp="2026-07-11T23:12:43.168531+09:00" hostname="WORKSTATION"><testcase classname="tests.unit.test_condition_fingerprint" name="test_ast_fingerprint_ignores_whitespace_and_parens" time="0.081" /><testcase classname="tests.unit.test_condition_fingerprint" name="test_ast_fingerprint_commutative_and_reorder_matches" time="0.011" /><testcase classname="tests.unit.test_condition_fingerprint" name="test_ast_fingerprint_commutative_or_reorder_matches" time="0.010" /><testcase classname="tests.unit.test_condition_fingerprint" name="test_ast_fingerprint_equivalent_numeric_literal_matches" time="0.010" /><testcase classname="tests.unit.test_condition_fingerprint" name="test_ast_fingerprint_different_expression_differs" time="0.011" /><testcase classname="tests.unit.test_condition_fingerprint" name="test_ast_fingerprint_sensitive_to_timeframe" time="0.012" /><testcase classname="tests.unit.test_condition_fingerprint" name="test_ast_fingerprint_sensitive_to_methodology_version" time="0.009" /><testcase classname="tests.unit.test_condition_fingerprint" name="test_ast_fingerprint_returns_full_sha256_hex" time="0.012" /><testcase classname="tests.unit.test_condition_fingerprint" name="test_ast_fingerprint_rejects_forbidden_nodes[\uccb4\uacb0\uac15\ub3c4.strip()]" time="0.012" /><testcase classname="tests.unit.test_condition_fingerprint" name="test_ast_fingerprint_rejects_forbidden_nodes[abs(\uccb4\uacb0\uac15\ub3c4)]" time="0.012" /><testcase classname="tests.unit.test_condition_fingerprint" name="test_ast_fingerprint_rejects_forbidden_nodes[\uccb4\uacb0\uac15\ub3c4[0] &gt; 1]" time="0.012" /><testcase classname="tests.unit.test_condition_fingerprint" name="test_ast_fingerprint_rejects_forbidden_nodes[\uccb4\uacb0\uac15\ub3c4.foo]" time="0.015" /><testcase classname="tests.unit.test_condition_fingerprint" name="test_ast_fingerprint_rejects_forbidden_nodes[\uccb4\uacb0\uac15\ub3c4 + 1 &gt; 100]" time="0.011" /><testcase classname="tests.unit.test_condition_fingerprint" name="test_ast_fingerprint_rejects_forbidden_nodes[lambda x: x]" time="0.011" /><testcase classname="tests.unit.test_condition_fingerprint" name="test_ast_fingerprint_rejects_forbidden_nodes[[x for x in range(1)]]" time="0.010" /><testcase classname="tests.unit.test_condition_fingerprint" name="test_ast_fingerprint_rejects_unparseable" time="0.010" /><testcase classname="tests.unit.test_condition_fingerprint" name="test_ast_fingerprint_accepts_signed_numeric_literal" time="0.012" /><testcase classname="tests.unit.test_condition_fingerprint" name="test_ast_fingerprint_signed_literal_decimal_equivalence" time="0.012" /><testcase classname="tests.unit.test_condition_fingerprint" name="test_ast_fingerprint_signed_literal_differs_from_unsigned" time="0.012" /><testcase classname="tests.unit.test_condition_fingerprint" name="test_ast_fingerprint_unary_not_still_works" time="0.011" /><testcase classname="tests.unit.test_condition_fingerprint" name="test_ast_fingerprint_rejects_unary_minus_over_non_constant[-\uccb4\uacb0\uac15\ub3c4 &gt; 1]" time="0.013" /><testcase classname="tests.unit.test_condition_fingerprint" name="test_ast_fingerprint_rejects_unary_minus_over_non_constant[-abs(\uccb4\uacb0\uac15\ub3c4) &gt; 1]" time="0.011" /><testcase classname="tests.unit.test_condition_fingerprint" name="test_ast_fingerprint_rejects_unary_minus_over_non_constant[+\uccb4\uacb0\uac15\ub3c4 &gt; 1]" time="0.010" /><testcase classname="tests.unit.test_condition_fingerprint" name="test_rowset_fingerprint_sensitive_to_dataset_and_window_and_rows" time="0.009" /><testcase classname="tests.unit.test_condition_fingerprint" name="test_rowset_fingerprint_stable_under_row_order" time="0.012" /><testcase classname="tests.unit.test_condition_fingerprint" name="test_rowset_fingerprint_returns_full_sha256_hex" time="0.009" /><testcase classname="tests.unit.test_condition_fingerprint" name="test_validate_b_only_passes_approved_expression" time="0.013" /><testcase classname="tests.unit.test_condition_fingerprint" name="test_validate_b_only_rejects_result_prefix" time="0.010" /><testcase classname="tests.unit.test_condition_fingerprint" name="test_validate_b_only_rejects_sell_diagnostic_prefix" time="0.010" /><testcase classname="tests.unit.test_condition_fingerprint" name="test_validate_b_only_rejects_bare_result_names" time="0.010" /><testcase classname="tests.unit.test_condition_fingerprint" name="test_validate_b_only_rejects_non_approved_variable" time="0.009" /><testcase classname="tests.unit.test_condition_fingerprint" name="test_validate_b_only_rejects_forbidden_call_node" time="0.010" /><testcase classname="tests.unit.test_condition_fingerprint" name="test_validate_b_only_rejects_unparseable_expression" time="0.010" /><testcase classname="tests.unit.test_condition_fingerprint" name="test_threshold_provenance_accepts_valid_train_role" time="0.010" /><testcase classname="tests.unit.test_condition_fingerprint" name="test_threshold_provenance_rejects_full_baseline_style_roles[full_baseline]" time="0.010" /><testcase classname="tests.unit.test_condition_fingerprint" name="test_threshold_provenance_rejects_full_baseline_style_roles[oos]" time="0.008" /><testcase classname="tests.unit.test_condition_fingerprint" name="test_threshold_provenance_rejects_full_baseline_style_roles[validation]" time="0.009" /><testcase classname="tests.unit.test_condition_fingerprint" name="test_threshold_provenance_rejects_non_hex_dataset_sha" time="0.007" /><testcase classname="tests.unit.test_condition_fingerprint" name="test_threshold_provenance_rejects_short_dataset_sha" time="0.007" /><testcase classname="tests.unit.test_condition_fingerprint" name="test_threshold_provenance_rejects_nonpositive_row_count" time="0.009" /><testcase classname="tests.unit.test_condition_fingerprint" name="test_threshold_provenance_rejects_unknown_estimator" time="0.010" /><testcase classname="tests.unit.test_condition_fingerprint" name="test_threshold_provenance_rejects_empty_required_strings" time="0.007" /><testcase classname="tests.unit.test_condition_fingerprint" name="test_threshold_provenance_is_frozen" time="0.009" /><testcase classname="tests.unit.test_condition_fingerprint" name="test_threshold_provenance_to_dict_roundtrip_shape" time="0.008" /><testcase classname="tests.unit.test_condition_fingerprint" name="test_ingestion_flags_and_reordered_semantic_duplicate" time="0.009" /><testcase classname="tests.unit.test_condition_fingerprint" name="test_ingestion_flags_injected_leaky_and_unapproved_variable_candidate" time="0.008" /><testcase classname="tests.unit.test_condition_fingerprint" name="test_ingestion_flags_forbidden_call_node_candidate" time="0.009" /><testcase classname="tests.unit.test_condition_fingerprint" name="test_condition_generator_ingestion_has_no_controller_or_provider_imports" time="0.021" /><testcase classname="tests.unit.test_condition_provenance" name="test_generate_quantile_candidates_without_context_has_no_provenance" time="0.027" /><testcase classname="tests.unit.test_condition_provenance" name="test_generate_quantile_candidates_with_context_attaches_provenance" time="0.019" /><testcase classname="tests.unit.test_condition_provenance" name="test_generate_quantile_candidates_rejects_forbidden_fit_role" time="0.024" /><testcase classname="tests.unit.test_condition_provenance" name="test_analyze_ttest_candidates_without_context_has_no_provenance" time="0.023" /><testcase classname="tests.unit.test_condition_provenance" name="test_analyze_ttest_candidates_with_context_attaches_provenance" time="0.019" /><testcase classname="tests.unit.test_condition_provenance" name="test_analyze_ttest_candidates_rejects_forbidden_fit_role" time="0.016" /><testcase classname="tests.unit.test_condition_provenance" name="test_analyze_market_cap_segments_without_context_has_no_provenance" time="0.020" /><testcase classname="tests.unit.test_condition_provenance" name="test_analyze_market_cap_segments_with_context_attaches_provenance" time="0.021" /><testcase classname="tests.unit.test_condition_provenance" name="test_analyze_market_cap_segments_rejects_forbidden_fit_role" time="0.017" /><testcase classname="tests.unit.test_condition_provenance" name="test_default_off_does_not_block_unapproved_variable_but_records_provenance" time="0.011" /><testcase classname="tests.unit.test_condition_provenance" name="test_enforce_on_blocks_unapproved_variable_candidate" time="0.009" /><testcase classname="tests.unit.test_condition_provenance" name="test_enforce_toggle_does_not_affect_other_hard_blockers" time="0.011" /><testcase classname="tests.unit.test_condition_generator" name="test_candidate_to_expression_between" time="0.009" /><testcase classname="tests.unit.test_condition_generator" name="test_generate_condition_code_contains_metadata_and_rules" time="0.009" /><testcase classname="tests.unit.test_condition_generator" name="test_generate_conditions_from_analysis_selects_top_n" time="0.017" /><testcase classname="tests.unit.test_condition_generator" name="test_multi_hypothesis_candidate_pack_isolates_invalid_siblings" time="0.012" /><testcase classname="tests.unit.test_condition_generator" name="test_multi_hypothesis_candidate_pack_rejects_weak_or_unsafe_packs" time="0.014" /><testcase classname="tests.unit.test_condition_generator" name="test_multi_hypothesis_candidate_pack_rejects_result_leakage_candidate" time="0.013" /><testcase classname="tests.unit.test_condition_generator" name="test_deterministic_generation_rejects_non_b_features_and_leaky_fallback" time="0.010" /><testcase classname="tests.unit.test_condition_generator" name="test_deterministic_candidates_are_marked_diagnostic_fallback" time="0.007" /><testcase classname="tests.unit.test_condition_generator" name="test_expression_result_from_candidate_pack_enforce_approved_b_only_rejects_unapproved_variable" time="0.013" /><testcase classname="tests.unit.test_canonical_passport_wiring.TestCanonicalEvidenceWiringOn" name="test_manifest_passports_and_receipts_two_generations" time="1.111" /><testcase classname="tests.unit.test_canonical_passport_wiring.TestCanonicalEvidenceWiringOn" name="test_generated_code_missing_fails_candidate_before_backtest" time="0.240" /><testcase classname="tests.unit.test_canonical_passport_wiring.TestCanonicalEvidenceWiringOn" name="test_seed_root_passport_has_no_parent" time="0.645" /><testcase classname="tests.unit.test_canonical_passport_wiring.TestCanonicalEvidenceWiringOff" name="test_default_off_zero_evidence_writes" time="0.244" /><testcase classname="tests.unit.test_canonical_passport_wiring.TestCanonicalEvidenceWiringOff" name="test_explicit_false_also_writes_nothing" time="0.214" /><testcase classname="tests.unit.test_canonical_passport_wiring.TestFixedBatchCannotAdvanceCanonicalLineage" name="test_phase_owner_guard" time="0.010" /><testcase classname="tests.unit.test_canonical_passport_wiring.TestFixedBatchCannotAdvanceCanonicalLineage" name="test_batch_script_asserts_guard_before_evaluating" time="0.103" /></testsuite></testsuites>