<?xml version="1.0" encoding="utf-8"?><testsuites name="pytest tests"><testsuite name="pytest" errors="0" failures="0" skipped="0" tests="49" time="7.077" timestamp="2026-07-11T21:16:50.618277+09:00" hostname="WORKSTATION"><testcase classname="tests.unit.test_evidence_contract" name="test_construct_serialize_roundtrip_hash[make_passport]" time="0.107" /><testcase classname="tests.unit.test_evidence_contract" name="test_construct_serialize_roundtrip_hash[make_feedback]" time="0.018" /><testcase classname="tests.unit.test_evidence_contract" name="test_construct_serialize_roundtrip_hash[make_consumption]" time="0.016" /><testcase classname="tests.unit.test_evidence_contract" name="test_construct_serialize_roundtrip_hash[make_manifest]" time="0.018" /><testcase classname="tests.unit.test_evidence_contract" name="test_construct_serialize_roundtrip_hash[make_receipt]" time="0.017" /><testcase classname="tests.unit.test_evidence_contract" name="test_candidate_id_stable_across_runs_same_body_and_methodology" time="0.020" /><testcase classname="tests.unit.test_evidence_contract" name="test_passport_id_distinct_per_proposal_even_for_same_candidate_id" time="0.019" /><testcase classname="tests.unit.test_evidence_contract" name="test_cross_process_hash_determinism_for_receipt" time="0.923" /><testcase classname="tests.unit.test_evidence_contract" name="test_cross_process_hash_determinism_for_passport" time="0.880" /><testcase classname="tests.unit.test_evidence_contract" name="test_crlf_and_lf_hash_identically" time="0.018" /><testcase classname="tests.unit.test_evidence_contract" name="test_nfc_equivalent_unicode_hashes_identically" time="0.018" /><testcase classname="tests.unit.test_evidence_contract" name="test_evidence_ids_stored_as_tuple_and_not_mutable" time="0.015" /><testcase classname="tests.unit.test_evidence_contract" name="test_threshold_provenance_stored_as_immutable_mapping" time="0.015" /><testcase classname="tests.unit.test_evidence_contract" name="test_mutating_input_after_construction_does_not_affect_stored_value" time="0.013" /><testcase classname="tests.unit.test_evidence_contract" name="test_dataclass_is_frozen[make_passport]" time="0.010" /><testcase classname="tests.unit.test_evidence_contract" name="test_dataclass_is_frozen[make_feedback]" time="0.011" /><testcase classname="tests.unit.test_evidence_contract" name="test_dataclass_is_frozen[make_consumption]" time="0.016" /><testcase classname="tests.unit.test_evidence_contract" name="test_dataclass_is_frozen[make_manifest]" time="0.014" /><testcase classname="tests.unit.test_evidence_contract" name="test_dataclass_is_frozen[make_receipt]" time="0.013" /><testcase classname="tests.unit.test_evidence_contract" name="test_budget_counters_and_artifact_hashes_are_immutable_mappings" time="0.012" /><testcase classname="tests.unit.test_evidence_contract" name="test_seed_root_passport_has_no_parent" time="0.014" /><testcase classname="tests.unit.test_evidence_contract" name="test_all_modes_accepted[seed]" time="0.014" /><testcase classname="tests.unit.test_evidence_contract" name="test_all_modes_accepted[fresh]" time="0.012" /><testcase classname="tests.unit.test_evidence_contract" name="test_all_modes_accepted[refine]" time="0.012" /><testcase classname="tests.unit.test_evidence_contract" name="test_refine_passport_references_parent" time="0.012" /><testcase classname="tests.unit.test_evidence_contract" name="test_unknown_mode_rejected" time="0.012" /><testcase classname="tests.unit.test_evidence_contract" name="test_all_feedback_sides_accepted[buy]" time="0.011" /><testcase classname="tests.unit.test_evidence_contract" name="test_all_feedback_sides_accepted[sell]" time="0.013" /><testcase classname="tests.unit.test_evidence_contract" name="test_all_feedback_sides_accepted[risk]" time="0.013" /><testcase classname="tests.unit.test_evidence_contract" name="test_all_feedback_sides_accepted[error]" time="0.014" /><testcase classname="tests.unit.test_evidence_contract" name="test_all_feedback_sides_accepted[segment]" time="0.013" /><testcase classname="tests.unit.test_evidence_contract" name="test_all_feedback_sides_accepted[feature]" time="0.015" /><testcase classname="tests.unit.test_evidence_contract" name="test_all_feedback_sides_accepted[hypothesis]" time="0.012" /><testcase classname="tests.unit.test_evidence_contract" name="test_unknown_side_rejected" time="0.014" /><testcase classname="tests.unit.test_evidence_contract" name="test_rejects_nan_in_manifest_capital" time="0.014" /><testcase classname="tests.unit.test_evidence_contract" name="test_rejects_infinity_in_manifest_capital" time="0.018" /><testcase classname="tests.unit.test_evidence_contract" name="test_rejects_nan_nested_in_budget_counters" time="0.016" /><testcase classname="tests.unit.test_evidence_contract" name="test_rejects_missing_buy_sha256" time="0.019" /><testcase classname="tests.unit.test_evidence_contract" name="test_rejects_non_hex_sha" time="0.014" /><testcase classname="tests.unit.test_evidence_contract" name="test_rejects_short_sha" time="0.014" /><testcase classname="tests.unit.test_evidence_contract" name="test_rejects_naive_timestamp" time="0.012" /><testcase classname="tests.unit.test_evidence_contract" name="test_rejects_local_offset_timestamp" time="0.016" /><testcase classname="tests.unit.test_evidence_contract" name="test_accepts_explicit_utc_offset_timestamp" time="0.016" /><testcase classname="tests.unit.test_evidence_contract" name="test_rejects_mutable_set_for_sequence_field" time="0.014" /><testcase classname="tests.unit.test_evidence_contract" name="test_rejects_bad_id_prefix" time="0.014" /><testcase classname="tests.unit.test_evidence_contract" name="test_rejects_wrong_id_family" time="0.016" /><testcase classname="tests.unit.test_evidence_contract" name="test_feedback_rendered_sha_must_match_rendered_text" time="0.014" /><testcase classname="tests.unit.test_evidence_contract" name="test_manifest_rejects_missing_code_hash" time="0.015" /><testcase classname="tests.unit.test_evidence_contract" name="test_receipt_rejects_non_mapping_budget_counters" time="0.014" /></testsuite></testsuites>