<?xml version="1.0" encoding="utf-8"?><testsuites name="pytest tests"><testsuite name="pytest" errors="0" failures="0" skipped="0" tests="19" time="9.643" timestamp="2026-07-11T21:30:10.308911+09:00" hostname="WORKSTATION"><testcase classname="tests.unit.test_evidence_store" name="test_append_full_chain_and_query_by_run_gen_id" time="0.224" /><testcase classname="tests.unit.test_evidence_store" name="test_unconsumed_feedback_excludes_consumed" time="0.122" /><testcase classname="tests.unit.test_evidence_store" name="test_schema_v11_stable_across_repeated_opens" time="0.188" /><testcase classname="tests.unit.test_evidence_store" name="test_sql_trace_has_no_update_delete_on_evidence_tables" time="0.158" /><testcase classname="tests.unit.test_evidence_store" name="test_readonly_loopstate_evidence_store_cannot_write" time="0.162" /><testcase classname="tests.unit.test_evidence_store" name="test_identical_duplicate_append_is_noop" time="0.305" /><testcase classname="tests.unit.test_evidence_store" name="test_conflicting_duplicate_append_raises_corruption_error" time="0.316" /><testcase classname="tests.unit.test_evidence_store" name="test_broken_foreign_key_raises_integrity_error" time="0.254" /><testcase classname="tests.unit.test_evidence_store" name="test_crash_before_commit_leaves_zero_partial_rows" time="0.360" /><testcase classname="tests.unit.test_evidence_store" name="test_after_commit_chain_reconstructs_and_snapshot_exists" time="0.503" /><testcase classname="tests.unit.test_evidence_store" name="test_non_integrity_insert_error_rolls_back_no_stranded_txn" time="0.335" /><testcase classname="tests.unit.test_state_concurrency" name="test_wal_allows_concurrent_reader_during_write_txn" time="0.410" /><testcase classname="tests.unit.test_state_concurrency" name="test_resume_continues_from_last_gen_without_duplicates" time="0.390" /><testcase classname="tests.unit.test_state_concurrency" name="test_record_generation_upsert_no_duplicate_gen" time="0.335" /><testcase classname="tests.unit.dashboard.test_loopstate_readonly" name="test_readonly_reads_existing_data" time="0.366" /><testcase classname="tests.unit.dashboard.test_loopstate_readonly" name="test_readonly_write_attempt_fails" time="0.373" /><testcase classname="tests.unit.dashboard.test_loopstate_readonly" name="test_readonly_does_not_mutate_schema_or_create_files" time="0.398" /><testcase classname="tests.unit.dashboard.test_loopstate_readonly" name="test_readonly_missing_db_raises_on_open" time="0.026" /><testcase classname="tests.unit.dashboard.test_loopstate_readonly" name="test_default_mode_unchanged" time="0.175" /></testsuite></testsuites>