<?xml version="1.0" encoding="utf-8"?><testsuites name="pytest tests"><testsuite name="pytest" errors="0" failures="0" skipped="0" tests="23" time="16.883" timestamp="2026-07-12T07:48:12.155115+09:00" hostname="WORKSTATION"><testcase classname="tests.unit.test_canonical_mini_loop" name="test_help_exits_zero_without_required_args" time="2.705" /><testcase classname="tests.unit.test_canonical_mini_loop" name="test_happy_three_round_fake_run_freezes_preregistration_and_writes_only_tmp" time="1.043" /><testcase classname="tests.unit.test_canonical_mini_loop" name="test_wrong_profile_fails_closed_before_state_provider_or_evaluator" time="0.037" /><testcase classname="tests.unit.test_canonical_mini_loop" name="test_default_profile_remains_happy_path" time="0.862" /><testcase classname="tests.unit.test_canonical_mini_loop" name="test_tampered_max_rounds_fails_frozen_contract_before_side_effects" time="0.033" /><testcase classname="tests.unit.test_canonical_mini_loop" name="test_tampered_force_extra_evaluation_fails_frozen_contract_before_side_effects" time="0.038" /><testcase classname="tests.unit.test_canonical_mini_loop" name="test_internal_provider_pack_budget_refuses_over_proposing_provider" time="0.456" /><testcase classname="tests.unit.test_canonical_mini_loop" name="test_wall_clock_budget_refuses_121_minute_run" time="0.396" /><testcase classname="tests.unit.test_canonical_mini_loop" name="test_protected_roots_are_refused_for_strategy_db_and_evidence_dir[strategy_db-_database_v3k_shadow]" time="0.059" /><testcase classname="tests.unit.test_canonical_mini_loop" name="test_protected_roots_are_refused_for_strategy_db_and_evidence_dir[strategy_db-backup]" time="0.060" /><testcase classname="tests.unit.test_canonical_mini_loop" name="test_protected_roots_are_refused_for_strategy_db_and_evidence_dir[strategy_db-.omx/reports]" time="0.053" /><testcase classname="tests.unit.test_canonical_mini_loop" name="test_protected_roots_are_refused_for_strategy_db_and_evidence_dir[strategy_db-ai_strategy_loop/state]" time="0.053" /><testcase classname="tests.unit.test_canonical_mini_loop" name="test_protected_roots_are_refused_for_strategy_db_and_evidence_dir[evidence_dir-_database_v3k_shadow]" time="0.109" /><testcase classname="tests.unit.test_canonical_mini_loop" name="test_protected_roots_are_refused_for_strategy_db_and_evidence_dir[evidence_dir-backup]" time="0.128" /><testcase classname="tests.unit.test_canonical_mini_loop" name="test_protected_roots_are_refused_for_strategy_db_and_evidence_dir[evidence_dir-.omx/reports]" time="0.130" /><testcase classname="tests.unit.test_canonical_mini_loop" name="test_protected_roots_are_refused_for_strategy_db_and_evidence_dir[evidence_dir-ai_strategy_loop/state]" time="0.152" /><testcase classname="tests.unit.test_canonical_mini_loop" name="test_real_loop_state_db_paths_are_refused_before_work[strategy_db]" time="0.130" /><testcase classname="tests.unit.test_canonical_mini_loop" name="test_real_loop_state_db_paths_are_refused_before_work[evidence_dir]" time="0.123" /><testcase classname="tests.unit.test_canonical_mini_loop" name="test_operating_db_path_is_refused" time="0.113" /><testcase classname="tests.unit.test_canonical_mini_loop" name="test_post_result_manifest_edit_stops_before_next_evaluation" time="0.650" /><testcase classname="tests.unit.test_canonical_mini_loop" name="test_future_preregistration_manifests_predate_first_r07_result" time="0.988" /><testcase classname="tests.unit.test_canonical_mini_loop" name="test_round_selection_receipts_persist_selected_and_three_rejections_per_round" time="0.847" /><testcase classname="tests.unit.test_canonical_mini_loop" name="test_evidence_created_at_uses_real_utc_wall_clock_not_budget_clock" time="1.472" /></testsuite></testsuites>