<?xml version="1.0" encoding="utf-8"?><testsuites name="pytest tests"><testsuite name="pytest" errors="0" failures="0" skipped="0" tests="6" time="85.812" timestamp="2026-07-11T23:54:06.492167+09:00" hostname="WORKSTATION"><testcase classname="tests.unit.test_feedback_evidence_wiring.TestEnvelopeConsumptionChain" name="test_gen0_envelope_gen1_consumption_chain" time="4.746" /><testcase classname="tests.unit.test_feedback_evidence_wiring.TestEnvelopeConsumptionChain" name="test_rendered_string_without_consumption_row_is_not_learning_proof" time="0.994" /><testcase classname="tests.unit.test_feedback_evidence_wiring.TestResumeSafety" name="test_provider_generation_failure_then_resume_consumes_exactly_once" time="1.926" /><testcase classname="tests.unit.test_feedback_evidence_wiring.TestResumeSafety" name="test_code_missing_pre_passport_failure_leaves_envelope_unconsumed" time="1.324" /><testcase classname="tests.unit.test_feedback_evidence_wiring.TestDefaultOff" name="test_flag_off_zero_rows_and_transient_feedback_unchanged" time="0.983" /><testcase classname="tests.unit.test_feedback_evidence_wiring.TestDefaultOff" name="test_explicit_false_also_zero_rows" time="0.754" /></testsuite></testsuites>