<?xml version="1.0" encoding="utf-8"?><testsuites name="pytest tests"><testsuite name="pytest" errors="0" failures="0" skipped="0" tests="23" time="44.115" timestamp="2026-07-12T00:32:16.366713+09:00" hostname="WORKSTATION"><testcase classname="tests.unit.test_feedback_evidence_wiring.TestEnvelopeConsumptionChain" name="test_gen0_envelope_gen1_consumption_chain" time="1.595" /><testcase classname="tests.unit.test_feedback_evidence_wiring.TestEnvelopeConsumptionChain" name="test_gen0_buy_and_sell_feedback_both_consumed_by_gen1" time="0.893" /><testcase classname="tests.unit.test_feedback_evidence_wiring.TestEnvelopeConsumptionChain" name="test_rendered_string_without_consumption_row_is_not_learning_proof" time="0.415" /><testcase classname="tests.unit.test_feedback_evidence_wiring.TestResumeSafety" name="test_provider_generation_failure_then_resume_consumes_exactly_once" time="1.021" /><testcase classname="tests.unit.test_feedback_evidence_wiring.TestResumeSafety" name="test_code_missing_pre_passport_failure_leaves_envelope_unconsumed" time="0.795" /><testcase classname="tests.unit.test_feedback_evidence_wiring.TestDefaultOff" name="test_flag_off_zero_rows_and_transient_feedback_unchanged" time="0.530" /><testcase classname="tests.unit.test_feedback_evidence_wiring.TestDefaultOff" name="test_explicit_false_also_zero_rows" time="0.386" /><testcase classname="tests.unit.test_candidate_pool" name="test_four_distinct_valid_proposals_select_exactly_one_deterministic_winner" time="0.022" /><testcase classname="tests.unit.test_candidate_pool" name="test_shuffled_input_yields_identical_selection" time="0.024" /><testcase classname="tests.unit.test_candidate_pool" name="test_whitespace_and_and_reordered_duplicate_blocks_pool_with_no_selection" time="0.021" /><testcase classname="tests.unit.test_candidate_pool" name="test_and_reordered_duplicate_expression_also_blocks" time="0.019" /><testcase classname="tests.unit.test_candidate_pool" name="test_third_same_family_candidate_triggers_family_quota_blocker" time="0.021" /><testcase classname="tests.unit.test_candidate_pool" name="test_wrong_proposal_count_blocks_pool_with_no_selection[3]" time="0.020" /><testcase classname="tests.unit.test_candidate_pool" name="test_wrong_proposal_count_blocks_pool_with_no_selection[5]" time="0.019" /><testcase classname="tests.unit.test_candidate_pool" name="test_wrong_lane_mix_blocks_pool_with_no_selection" time="0.017" /><testcase classname="tests.unit.test_candidate_pool" name="test_selector_performs_zero_evaluator_or_provider_calls" time="0.019" /><testcase classname="tests.unit.test_candidate_pool" name="test_all_structurally_invalid_round_blocks_selection_with_no_promotion" time="0.015" /><testcase classname="tests.unit.test_candidate_pool" name="test_normal_valid_round_still_selects_exactly_one_official_candidate" time="0.016" /><testcase classname="tests.unit.test_ablation_matrix" name="test_complete_2x2_known_numbers_exact_effects_and_mdd_sign_normalization" time="0.015" /><testcase classname="tests.unit.test_ablation_matrix" name="test_missing_arm_returns_attribution_invalid_with_no_effect_numbers" time="0.013" /><testcase classname="tests.unit.test_ablation_matrix" name="test_errored_arm_returns_attribution_invalid_with_no_effect_numbers" time="0.012" /><testcase classname="tests.unit.test_ablation_matrix" name="test_arm_missing_a_required_metric_key_is_also_treated_as_missing" time="0.013" /><testcase classname="tests.unit.test_ablation_matrix" name="test_identical_inputs_yield_identical_attribution_regardless_of_dict_key_order" time="0.015" /></testsuite></testsuites>