<?xml version="1.0" encoding="utf-8"?><testsuites name="pytest tests"><testsuite name="pytest" errors="0" failures="0" skipped="0" tests="14" time="13.581" timestamp="2026-07-11T23:55:41.794994+09:00" hostname="WORKSTATION"><testcase classname="tests.unit.test_candidate_pool" name="test_four_distinct_valid_proposals_select_exactly_one_deterministic_winner" time="0.138" /><testcase classname="tests.unit.test_candidate_pool" name="test_shuffled_input_yields_identical_selection" time="0.028" /><testcase classname="tests.unit.test_candidate_pool" name="test_whitespace_and_and_reordered_duplicate_blocks_pool_with_no_selection" time="0.024" /><testcase classname="tests.unit.test_candidate_pool" name="test_and_reordered_duplicate_expression_also_blocks" time="0.024" /><testcase classname="tests.unit.test_candidate_pool" name="test_third_same_family_candidate_triggers_family_quota_blocker" time="0.023" /><testcase classname="tests.unit.test_candidate_pool" name="test_wrong_proposal_count_blocks_pool_with_no_selection[3]" time="0.021" /><testcase classname="tests.unit.test_candidate_pool" name="test_wrong_proposal_count_blocks_pool_with_no_selection[5]" time="0.023" /><testcase classname="tests.unit.test_candidate_pool" name="test_wrong_lane_mix_blocks_pool_with_no_selection" time="0.028" /><testcase classname="tests.unit.test_candidate_pool" name="test_selector_performs_zero_evaluator_or_provider_calls" time="0.026" /><testcase classname="tests.unit.test_ablation_matrix" name="test_complete_2x2_known_numbers_exact_effects_and_mdd_sign_normalization" time="0.024" /><testcase classname="tests.unit.test_ablation_matrix" name="test_missing_arm_returns_attribution_invalid_with_no_effect_numbers" time="0.027" /><testcase classname="tests.unit.test_ablation_matrix" name="test_errored_arm_returns_attribution_invalid_with_no_effect_numbers" time="0.022" /><testcase classname="tests.unit.test_ablation_matrix" name="test_arm_missing_a_required_metric_key_is_also_treated_as_missing" time="0.022" /><testcase classname="tests.unit.test_ablation_matrix" name="test_identical_inputs_yield_identical_attribution_regardless_of_dict_key_order" time="0.027" /></testsuite></testsuites>