<?xml version="1.0" encoding="utf-8"?><testsuites name="pytest tests"><testsuite name="pytest" errors="0" failures="0" skipped="0" tests="67" time="3.708" timestamp="2026-07-11T21:16:39.851212+09:00" hostname="WORKSTATION"><testcase classname="tests.unit.test_ai_loop_phase_contract" name="test_cl_phase_has_exactly_15_members_in_order" time="0.072" /><testcase classname="tests.unit.test_ai_loop_phase_contract" name="test_phase_state_members" time="0.014" /><testcase classname="tests.unit.test_ai_loop_phase_contract" name="test_transition_codes_are_strings" time="0.010" /><testcase classname="tests.unit.test_ai_loop_phase_contract" name="test_resolve_alias_known[T0-CLPhase.CL_D0]" time="0.010" /><testcase classname="tests.unit.test_ai_loop_phase_contract" name="test_resolve_alias_known[T1-CLPhase.CL_D1]" time="0.012" /><testcase classname="tests.unit.test_ai_loop_phase_contract" name="test_resolve_alias_known[T2-CLPhase.CL_D2]" time="0.012" /><testcase classname="tests.unit.test_ai_loop_phase_contract" name="test_resolve_alias_known[T3-CLPhase.CL_D3]" time="0.014" /><testcase classname="tests.unit.test_ai_loop_phase_contract" name="test_resolve_alias_known[T4-CLPhase.CL_D4]" time="0.012" /><testcase classname="tests.unit.test_ai_loop_phase_contract" name="test_resolve_alias_known[P1-CLPhase.CL_D0]" time="0.011" /><testcase classname="tests.unit.test_ai_loop_phase_contract" name="test_resolve_alias_known[P2-CLPhase.CL_D1]" time="0.011" /><testcase classname="tests.unit.test_ai_loop_phase_contract" name="test_resolve_alias_known[P3-CLPhase.CL_D2]" time="0.013" /><testcase classname="tests.unit.test_ai_loop_phase_contract" name="test_resolve_alias_known[P4-CLPhase.CL_D3]" time="0.012" /><testcase classname="tests.unit.test_ai_loop_phase_contract" name="test_resolve_alias_known[P5-CLPhase.CL_D4]" time="0.013" /><testcase classname="tests.unit.test_ai_loop_phase_contract" name="test_resolve_alias_known[P6-CLPhase.CL_R01]" time="0.015" /><testcase classname="tests.unit.test_ai_loop_phase_contract" name="test_resolve_alias_known[P9-CLPhase.CL_R07]" time="0.015" /><testcase classname="tests.unit.test_ai_loop_phase_contract" name="test_resolve_alias_known[P10-CLPhase.CL_R08]" time="0.013" /><testcase classname="tests.unit.test_ai_loop_phase_contract" name="test_resolve_alias_known[P11-CLPhase.CL_R10]" time="0.011" /><testcase classname="tests.unit.test_ai_loop_phase_contract" name="test_resolve_alias_known[CL-D0-CLPhase.CL_D0]" time="0.013" /><testcase classname="tests.unit.test_ai_loop_phase_contract" name="test_resolve_alias_known[CL-R10-CLPhase.CL_R10]" time="0.010" /><testcase classname="tests.unit.test_ai_loop_phase_contract" name="test_resolve_alias_unknown_returns_none[P99]" time="0.011" /><testcase classname="tests.unit.test_ai_loop_phase_contract" name="test_resolve_alias_unknown_returns_none[CL-R99]" time="0.013" /><testcase classname="tests.unit.test_ai_loop_phase_contract" name="test_resolve_alias_unknown_returns_none[T9]" time="0.012" /><testcase classname="tests.unit.test_ai_loop_phase_contract" name="test_resolve_alias_unknown_returns_none[]" time="0.013" /><testcase classname="tests.unit.test_ai_loop_phase_contract" name="test_resolve_alias_unknown_returns_none[cl-d0]" time="0.012" /><testcase classname="tests.unit.test_ai_loop_phase_contract" name="test_resolve_alias_unknown_returns_none[bogus]" time="0.014" /><testcase classname="tests.unit.test_ai_loop_phase_contract" name="test_p0_is_audit_not_a_phase" time="0.014" /><testcase classname="tests.unit.test_ai_loop_phase_contract" name="test_approval_for_cl_r_phases_only" time="0.012" /><testcase classname="tests.unit.test_ai_loop_phase_contract" name="test_permitted_mutations_design_vs_code" time="0.010" /><testcase classname="tests.unit.test_ai_loop_phase_contract" name="test_evidence_valid_cl_d0_no_predecessor" time="0.014" /><testcase classname="tests.unit.test_ai_loop_phase_contract" name="test_evidence_valid_empty_set_false_past_first" time="0.013" /><testcase classname="tests.unit.test_ai_loop_phase_contract" name="test_evidence_valid_immediate_predecessor_present" time="0.012" /><testcase classname="tests.unit.test_ai_loop_phase_contract" name="test_evidence_valid_non_immediate_predecessor_insufficient" time="0.011" /><testcase classname="tests.unit.test_ai_loop_phase_contract" name="test_authority_valid_design_phases_always_true" time="0.011" /><testcase classname="tests.unit.test_ai_loop_phase_contract" name="test_authority_valid_cl_r_empty_approvals_false" time="0.014" /><testcase classname="tests.unit.test_ai_loop_phase_contract" name="test_authority_valid_exact_phrase_true" time="0.013" /><testcase classname="tests.unit.test_ai_loop_phase_contract" name="test_authority_valid_case_sensitive" time="0.015" /><testcase classname="tests.unit.test_ai_loop_phase_contract" name="test_authority_valid_substring_paraphrase_rejected[approve CL-R01-R06]" time="0.012" /><testcase classname="tests.unit.test_ai_loop_phase_contract" name="test_authority_valid_substring_paraphrase_rejected[I approve all]" time="0.017" /><testcase classname="tests.unit.test_ai_loop_phase_contract" name="test_authority_valid_substring_paraphrase_rejected[I approve CL-R01-R06 code integration only ]" time="0.015" /><testcase classname="tests.unit.test_ai_loop_phase_contract" name="test_authority_valid_substring_paraphrase_rejected[ I approve CL-R01-R06 code integration only]" time="0.013" /><testcase classname="tests.unit.test_ai_loop_phase_contract" name="test_authority_valid_substring_paraphrase_rejected[I approve CL-R01-R06 code integration only extra]" time="0.012" /><testcase classname="tests.unit.test_ai_loop_phase_contract" name="test_authority_valid_substring_paraphrase_rejected[I approve CL-R07 bounded mini-loop only]" time="0.014" /><testcase classname="tests.unit.test_ai_loop_phase_contract" name="test_authority_valid_wrong_phase_phrase_not_shared" time="0.013" /><testcase classname="tests.unit.test_ai_loop_phase_contract" name="test_validate_transition_cl_d_chain_allows_without_approval" time="0.015" /><testcase classname="tests.unit.test_ai_loop_phase_contract" name="test_validate_transition_cl_r01_after_cl_d4_receipt_empty_approvals_authority_missing" time="0.012" /><testcase classname="tests.unit.test_ai_loop_phase_contract" name="test_validate_transition_cl_r01_with_exact_phrase_allows" time="0.013" /><testcase classname="tests.unit.test_ai_loop_phase_contract" name="test_validate_transition_cl_r07_with_cl_r01_phrase_rejected" time="0.014" /><testcase classname="tests.unit.test_ai_loop_phase_contract" name="test_validate_transition_paraphrase_rejected[approve CL-R01-R06]" time="0.013" /><testcase classname="tests.unit.test_ai_loop_phase_contract" name="test_validate_transition_paraphrase_rejected[I approve all]" time="0.018" /><testcase classname="tests.unit.test_ai_loop_phase_contract" name="test_validate_transition_paraphrase_rejected[i approve cl-r01-r06 code integration only]" time="0.016" /><testcase classname="tests.unit.test_ai_loop_phase_contract" name="test_validate_transition_receipt_only_no_approval_rejected" time="0.016" /><testcase classname="tests.unit.test_ai_loop_phase_contract" name="test_validate_transition_unknown_alias_wrong_alias[P99]" time="0.012" /><testcase classname="tests.unit.test_ai_loop_phase_contract" name="test_validate_transition_unknown_alias_wrong_alias[CL-R99]" time="0.016" /><testcase classname="tests.unit.test_ai_loop_phase_contract" name="test_validate_transition_out_of_order" time="0.017" /><testcase classname="tests.unit.test_ai_loop_phase_contract" name="test_validate_transition_mutation_forbidden[UPDATE]" time="0.014" /><testcase classname="tests.unit.test_ai_loop_phase_contract" name="test_validate_transition_mutation_forbidden[DELETE]" time="0.014" /><testcase classname="tests.unit.test_ai_loop_phase_contract" name="test_validate_transition_mutation_forbidden_checked_before_other_codes" time="0.019" /><testcase classname="tests.unit.test_ai_loop_phase_contract" name="test_validate_transition_wrong_alias_checked_before_out_of_order_and_authority" time="0.020" /><testcase classname="tests.unit.test_ai_loop_phase_contract" name="test_validate_transition_out_of_order_checked_before_authority" time="0.018" /><testcase classname="tests.unit.test_ai_loop_phase_contract" name="test_validate_transition_accepts_alias_string_target" time="0.018" /><testcase classname="tests.unit.test_ai_loop_phase_contract" name="test_canonical_phase_owner_ok_run_loop_true" time="0.017" /><testcase classname="tests.unit.test_ai_loop_phase_contract" name="test_canonical_phase_owner_ok_fixed_batch_false" time="0.016" /><testcase classname="tests.unit.test_ai_loop_phase_contract" name="test_canonical_phase_owner_ok_unknown_kind_false" time="0.018" /><testcase classname="tests.unit.test_ai_loop_phase_contract" name="test_default_phase_status" time="0.017" /><testcase classname="tests.unit.test_ai_loop_phase_contract" name="test_load_approvals_from_intake_reads_json" time="0.047" /><testcase classname="tests.unit.test_ai_loop_phase_contract" name="test_load_approvals_from_intake_missing_key_returns_empty_set" time="0.043" /><testcase classname="tests.unit.test_ai_loop_phase_contract" name="test_module_has_no_import_time_side_effects" time="0.028" /></testsuite></testsuites>